<?xml version="1.0" encoding="UTF-8"?>
<!-- Generated by org.testng.reporters.JUnitReportReporter -->
<testsuite hostname="DESKTOP-ABOACJP" failures="0" tests="3" name="Practice.Tests.SubmitOrderTest" time="52.898" errors="0" timestamp="2024-05-17T15:40:55 IST" skipped="0">
  <testcase classname="Practice.Tests.SubmitOrderTest" name="submitOrder" time="21.049"/>
  <testcase classname="Practice.Tests.SubmitOrderTest" name="submitOrder" time="23.440"/>
  <testcase classname="Practice.Tests.SubmitOrderTest" name="OrderHistoryTest" time="8.409"/>
</testsuite> <!-- Practice.Tests.SubmitOrderTest -->
